[17:45:27] [ServerMain/INFO]: Environment: authHost='https://authserver.mojang.com', accountsHost='https://api.mojang.com', sessionHost='https://sessionserver.mojang.com', servicesHost='https://api.minecraftservices.com', name='PROD'
[17:45:29] [ServerMain/INFO]: Loaded 7 recipes
[17:45:29] [ServerMain/INFO]: Loaded 1271 advancements
[17:45:29] [Server thread/INFO]: Starting minecraft server version 1.20.1
[17:45:29] [Server thread/INFO]: Loading properties
[17:45:29] [Server thread/INFO]: Default game type: SURVIVAL
[17:45:29] [Server thread/INFO]: Generating keypair
[17:45:29] [Server thread/INFO]: Starting Minecraft server on *:25565
[17:45:29] [Server thread/INFO]: Using epoll channel type
[17:45:29] [Server thread/WARN]: **** SERVER IS RUNNING IN OFFLINE/INSECURE MODE!
[17:45:29] [Server thread/WARN]: The server will make no attempt to authenticate usernames. Beware.
[17:45:29] [Server thread/WARN]: While this makes the game possible to play without internet access, it also opens up the ability for hackers to connect with any username they choose.
[17:45:29] [Server thread/WARN]: To change this, set "online-mode" to "true" in the server.properties file.
[17:45:30] [Server thread/INFO]: Preparing level "world"
[17:45:35] [Server thread/INFO]: Preparing start region for dimension minecraft:overworld
[17:45:36] [Worker-Main-1/INFO]: Preparing spawn area: 0%
[17:45:36] [Worker-Main-1/INFO]: Preparing spawn area: 0%
[17:45:36] [Worker-Main-1/INFO]: Preparing spawn area: 0%
[17:45:36] [Worker-Main-2/INFO]: Preparing spawn area: 0%
[17:45:37] [Worker-Main-3/INFO]: Preparing spawn area: 0%
[17:45:37] [Worker-Main-1/INFO]: Preparing spawn area: 1%
[17:45:38] [Worker-Main-1/INFO]: Preparing spawn area: 1%
[17:45:38] [Worker-Main-3/INFO]: Preparing spawn area: 2%
[17:45:39] [Worker-Main-2/INFO]: Preparing spawn area: 3%
[17:45:39] [Worker-Main-3/INFO]: Preparing spawn area: 4%
[17:45:40] [Worker-Main-2/INFO]: Preparing spawn area: 5%
[17:45:40] [Worker-Main-1/INFO]: Preparing spawn area: 7%
[17:45:41] [Worker-Main-2/INFO]: Preparing spawn area: 8%
[17:45:41] [Worker-Main-2/INFO]: Preparing spawn area: 10%
[17:45:42] [Worker-Main-2/INFO]: Preparing spawn area: 11%
[17:45:42] [Worker-Main-2/INFO]: Preparing spawn area: 13%
[17:45:43] [Worker-Main-1/INFO]: Preparing spawn area: 15%
[17:45:44] [Worker-Main-1/INFO]: Preparing spawn area: 17%
[17:45:44] [Worker-Main-2/INFO]: Preparing spawn area: 18%
[17:45:44] [Worker-Main-3/INFO]: Preparing spawn area: 20%
[17:45:45] [Worker-Main-3/INFO]: Preparing spawn area: 22%
[17:45:45] [Worker-Main-1/INFO]: Preparing spawn area: 24%
[17:45:46] [Worker-Main-3/INFO]: Preparing spawn area: 25%
[17:45:46] [Worker-Main-3/INFO]: Preparing spawn area: 29%
[17:45:47] [Worker-Main-1/INFO]: Preparing spawn area: 31%
[17:45:47] [Worker-Main-2/INFO]: Preparing spawn area: 33%
[17:45:48] [Worker-Main-3/INFO]: Preparing spawn area: 34%
[17:45:48] [Worker-Main-1/INFO]: Preparing spawn area: 37%
[17:45:49] [Worker-Main-3/INFO]: Preparing spawn area: 41%
[17:45:49] [Worker-Main-2/INFO]: Preparing spawn area: 43%
[17:45:50] [Worker-Main-3/INFO]: Preparing spawn area: 44%
[17:45:50] [Worker-Main-3/INFO]: Preparing spawn area: 47%
[17:45:51] [Worker-Main-1/INFO]: Preparing spawn area: 50%
[17:45:51] [Worker-Main-1/INFO]: Preparing spawn area: 52%
[17:45:52] [Worker-Main-3/INFO]: Preparing spawn area: 54%
[17:45:52] [Worker-Main-1/INFO]: Preparing spawn area: 56%
[17:45:53] [Worker-Main-1/INFO]: Preparing spawn area: 59%
[17:45:53] [Worker-Main-1/INFO]: Preparing spawn area: 62%
[17:45:54] [Worker-Main-3/INFO]: Preparing spawn area: 65%
[17:45:54] [Worker-Main-3/INFO]: Preparing spawn area: 68%
[17:45:55] [Worker-Main-1/INFO]: Preparing spawn area: 70%
[17:45:55] [Worker-Main-2/INFO]: Preparing spawn area: 73%
[17:45:56] [Worker-Main-1/INFO]: Preparing spawn area: 77%
[17:45:56] [Worker-Main-1/INFO]: Preparing spawn area: 80%
[17:45:57] [Worker-Main-1/INFO]: Preparing spawn area: 83%
[17:45:57] [Worker-Main-3/INFO]: Preparing spawn area: 85%
[17:45:58] [Worker-Main-1/INFO]: Preparing spawn area: 88%
[17:45:58] [Worker-Main-1/INFO]: Preparing spawn area: 91%
[17:45:59] [Worker-Main-3/INFO]: Preparing spawn area: 95%
[17:45:59] [Worker-Main-2/INFO]: Preparing spawn area: 99%
[17:45:59] [Server thread/INFO]: Time elapsed: 24578 ms
[17:45:59] [Server thread/INFO]: Done (29.986s)! For help, type "help"
[17:46:20] [Server thread/INFO]: /advancement (grant|revoke)
[17:46:20] [Server thread/INFO]: /attribute <target> <attribute> (get|base|modifier)
[17:46:20] [Server thread/INFO]: /execute (run|if|unless|as|at|store|positioned|rotated|facing|align|anchored|in|summon|on)
[17:46:20] [Server thread/INFO]: /bossbar (add|remove|list|set|get)
[17:46:20] [Server thread/INFO]: /clear [<targets>]
[17:46:20] [Server thread/INFO]: /clone (<begin>|from)
[17:46:20] [Server thread/INFO]: /damage <target> <amount> [<damageType>]
[17:46:20] [Server thread/INFO]: /data (merge|get|remove|modify)
[17:46:20] [Server thread/INFO]: /datapack (enable|disable|list)
[17:46:20] [Server thread/INFO]: /debug (start|stop|function)
[17:46:20] [Server thread/INFO]: /defaultgamemode <gamemode>
[17:46:20] [Server thread/INFO]: /difficulty [peaceful|easy|normal|hard]
[17:46:20] [Server thread/INFO]: /effect (clear|give)
[17:46:20] [Server thread/INFO]: /me <action>
[17:46:20] [Server thread/INFO]: /enchant <targets> <enchantment> [<level>]
[17:46:20] [Server thread/INFO]: /experience (add|set|query)
[17:46:20] [Server thread/INFO]: /xp -> experience
[17:46:20] [Server thread/INFO]: /fill <from> <to> <block> [replace|keep|outline|hollow|destroy]
[17:46:20] [Server thread/INFO]: /fillbiome <from> <to> <biome> [replace]
[17:46:20] [Server thread/INFO]: /forceload (add|remove|query)
[17:46:20] [Server thread/INFO]: /function <name>
[17:46:20] [Server thread/INFO]: /gamemode <gamemode> [<target>]
[17:46:20] [Server thread/INFO]: /gamerule (announceAdvancements|blockExplosionDropDecay|commandBlockOutput|commandModificationBlockLimit|disableElytraMovementCheck|disableRaids|doDaylightCycle|doEntityDrops|doFireTick|doImmediateRespawn|doInsomnia|doLimitedCrafting|doMobLoot|doMobSpawning|doPatrolSpawning|doTileDrops|doTraderSpawning|doVinesSpread|doWardenSpawning|doWeatherCycle|drowningDamage|fallDamage|fireDamage|forgiveDeadPlayers|freezeDamage|globalSoundEvents|keepInventory|lavaSourceConversion|logAdminCommands|maxCommandChainLength|maxEntityCramming|mobExplosionDropDecay|mobGriefing|naturalRegeneration|playersSleepingPercentage|randomTickSpeed|reducedDebugInfo|sendCommandFeedback|showDeathMessages|snowAccumulationHeight|spawnRadius|spectatorsGenerateChunks|tntExplosionDropDecay|universalAnger|waterSourceConversion)
[17:46:20] [Server thread/INFO]: /give <targets> <item> [<count>]
[17:46:20] [Server thread/INFO]: /help [<command>]
[17:46:20] [Server thread/INFO]: /item (replace|modify)
[17:46:20] [Server thread/INFO]: /kick <targets> [<reason>]
[17:46:20] [Server thread/INFO]: /kill [<targets>]
[17:46:20] [Server thread/INFO]: /list [uuids]
[17:46:20] [Server thread/INFO]: /locate (structure|biome|poi)
[17:46:20] [Server thread/INFO]: /loot (replace|insert|give|spawn)
[17:46:20] [Server thread/INFO]: /msg <targets> <message>
[17:46:20] [Server thread/INFO]: /tell -> msg
[17:46:20] [Server thread/INFO]: /w -> msg
[17:46:20] [Server thread/INFO]: /particle <name> [<pos>]
[17:46:20] [Server thread/INFO]: /place (feature|jigsaw|structure|template)
[17:46:20] [Server thread/INFO]: /playsound <sound> (master|music|record|weather|block|hostile|neutral|player|ambient|voice)
[17:46:20] [Server thread/INFO]: /reload
[17:46:20] [Server thread/INFO]: /recipe (give|take)
[17:46:20] [Server thread/INFO]: /return <value>
[17:46:20] [Server thread/INFO]: /ride <target> (mount|dismount)
[17:46:20] [Server thread/INFO]: /say <message>
[17:46:20] [Server thread/INFO]: /schedule (function|clear)
[17:46:20] [Server thread/INFO]: /scoreboard (objectives|players)
[17:46:20] [Server thread/INFO]: /seed
[17:46:20] [Server thread/INFO]: /setblock <pos> <block> [destroy|keep|replace]
[17:46:20] [Server thread/INFO]: /spawnpoint [<targets>]
[17:46:20] [Server thread/INFO]: /setworldspawn [<pos>]
[17:46:20] [Server thread/INFO]: /spectate [<target>]
[17:46:20] [Server thread/INFO]: /spreadplayers <center> <spreadDistance> <maxRange> (<respectTeams>|under)
[17:46:20] [Server thread/INFO]: /stopsound <targets> [*|master|music|record|weather|block|hostile|neutral|player|ambient|voice]
[17:46:20] [Server thread/INFO]: /summon <entity> [<pos>]
[17:46:20] [Server thread/INFO]: /tag <targets> (add|remove|list)
[17:46:20] [Server thread/INFO]: /team (list|add|remove|empty|join|leave|modify)
[17:46:20] [Server thread/INFO]: /teammsg <message>
[17:46:20] [Server thread/INFO]: /tm -> teammsg
[17:46:20] [Server thread/INFO]: /teleport (<location>|<destination>|<targets>)
[17:46:20] [Server thread/INFO]: /tp -> teleport
[17:46:20] [Server thread/INFO]: /tellraw <targets> <message>
[17:46:20] [Server thread/INFO]: /time (set|add|query)
[17:46:20] [Server thread/INFO]: /title <targets> (clear|reset|title|subtitle|actionbar|times)
[17:46:20] [Server thread/INFO]: /trigger <objective> [add|set]
[17:46:20] [Server thread/INFO]: /weather (clear|rain|thunder)
[17:46:20] [Server thread/INFO]: /worldborder (add|set|center|damage|get|warning)
[17:46:20] [Server thread/INFO]: /jfr (start|stop)
[17:46:20] [Server thread/INFO]: /ban-ip <target> [<reason>]
[17:46:20] [Server thread/INFO]: /banlist [ips|players]
[17:46:20] [Server thread/INFO]: /ban <targets> [<reason>]
[17:46:20] [Server thread/INFO]: /deop <targets>
[17:46:20] [Server thread/INFO]: /op <targets>
[17:46:20] [Server thread/INFO]: /pardon <targets>
[17:46:20] [Server thread/INFO]: /pardon-ip <target>
[17:46:20] [Server thread/INFO]: /perf (start|stop)
[17:46:20] [Server thread/INFO]: /save-all [flush]
[17:46:20] [Server thread/INFO]: /save-off
[17:46:20] [Server thread/INFO]: /save-on
[17:46:20] [Server thread/INFO]: /setidletimeout <minutes>
[17:46:20] [Server thread/INFO]: /stop
[17:46:20] [Server thread/INFO]: /whitelist (on|off|list|add|remove|reload)
[17:46:28] [Server thread/INFO]: Stopping the server
[17:46:28] [Server thread/INFO]: Stopping server
[17:46:28] [Server thread/INFO]: Saving players
[17:46:28] [Server thread/INFO]: Saving worlds
[17:46:29] [Server thread/INFO]: Saving chunks for level 'ServerLevel[world]'/minecraft:overworld
[17:46:32] [Server thread/INFO]: Saving chunks for level 'ServerLevel[world]'/minecraft:the_end
[17:46:32] [Server thread/INFO]: Saving chunks for level 'ServerLevel[world]'/minecraft:the_nether
[17:46:32] [Server thread/INFO]: ThreadedAnvilChunkStorage (world): All chunks are saved
[17:46:32] [Server thread/INFO]: ThreadedAnvilChunkStorage (DIM1): All chunks are saved
[17:46:32] [Server thread/INFO]: ThreadedAnvilChunkStorage (DIM-1): All chunks are saved
[17:46:32] [Server thread/INFO]: ThreadedAnvilChunkStorage: All dimensions are saved
